0 info it worked if it ends with ok
1 verbose cli [ '/usr/bin/node', '/usr/bin/npm', 'run', 'hot' ]
2 info using npm@3.5.2
3 info using node@v8.10.0
4 verbose run-script [ 'prehot', 'hot', 'posthot' ]
5 info lifecycle @~prehot: @
6 silly lifecycle @~prehot: no script for prehot, continuing
7 info lifecycle @~hot: @
8 verbose lifecycle @~hot: unsafe-perm in lifecycle true
9 verbose lifecycle @~hot: PATH: /usr/share/npm/bin/node-gyp-bin:/var/www/html/mingles-admin-dashboard/node_modules/.bin:/home/rehman/.rbenv/shims:/home/rehman/.rbenv/bin:/usr/local/sbin:/usr/local/bin:/usr/sbin:/usr/bin:/sbin:/bin:/usr/games:/usr/local/games:/snap/bin
10 verbose lifecycle @~hot: CWD: /var/www/html/mingles-admin-dashboard
11 silly lifecycle @~hot: Args: [ '-c',
11 silly lifecycle   'cross-env NODE_ENV=development node_modules/webpack-dev-server/bin/webpack-dev-server.js --inline --hot --config=node_modules/laravel-mix/setup/webpack.config.js' ]
12 silly lifecycle @~hot: Returned: code: 1  signal: null
13 info lifecycle @~hot: Failed to exec hot script
14 verbose stack Error: @ hot: `cross-env NODE_ENV=development node_modules/webpack-dev-server/bin/webpack-dev-server.js --inline --hot --config=node_modules/laravel-mix/setup/webpack.config.js`
14 verbose stack Exit status 1
14 verbose stack     at EventEmitter.<anonymous> (/usr/share/npm/lib/utils/lifecycle.js:232:16)
14 verbose stack     at emitTwo (events.js:126:13)
14 verbose stack     at EventEmitter.emit (events.js:214:7)
14 verbose stack     at ChildProcess.<anonymous> (/usr/share/npm/lib/utils/spawn.js:24:14)
14 verbose stack     at emitTwo (events.js:126:13)
14 verbose stack     at ChildProcess.emit (events.js:214:7)
14 verbose stack     at maybeClose (internal/child_process.js:925:16)
14 verbose stack     at Process.ChildProcess._handle.onexit (internal/child_process.js:209:5)
15 verbose pkgid @
16 verbose cwd /var/www/html/mingles-admin-dashboard
17 error Linux 4.18.0-16-generic
18 error argv "/usr/bin/node" "/usr/bin/npm" "run" "hot"
19 error node v8.10.0
20 error npm  v3.5.2
21 error code ELIFECYCLE
22 error @ hot: `cross-env NODE_ENV=development node_modules/webpack-dev-server/bin/webpack-dev-server.js --inline --hot --config=node_modules/laravel-mix/setup/webpack.config.js`
22 error Exit status 1
23 error Failed at the @ hot script 'cross-env NODE_ENV=development node_modules/webpack-dev-server/bin/webpack-dev-server.js --inline --hot --config=node_modules/laravel-mix/setup/webpack.config.js'.
23 error Make sure you have the latest version of node.js and npm installed.
23 error If you do, this is most likely a problem with the  package,
23 error not with npm itself.
23 error Tell the author that this fails on your system:
23 error     cross-env NODE_ENV=development node_modules/webpack-dev-server/bin/webpack-dev-server.js --inline --hot --config=node_modules/laravel-mix/setup/webpack.config.js
23 error You can get information on how to open an issue for this project with:
23 error     npm bugs
23 error Or if that isn't available, you can get their info via:
23 error     npm owner ls
23 error There is likely additional logging output above.
24 verbose exit [ 1, true ]
